2025-07-20 17:08:17,081:WARNING:
'cuml' is a soft dependency and not included in the pycaret installation. Please run: `pip install cuml` to install.
2025-07-20 17:08:17,081:WARNING:
'cuml' is a soft dependency and not included in the pycaret installation. Please run: `pip install cuml` to install.
2025-07-20 17:08:17,081:WARNING:
'cuml' is a soft dependency and not included in the pycaret installation. Please run: `pip install cuml` to install.
2025-07-20 17:08:17,081:WARNING:
'cuml' is a soft dependency and not included in the pycaret installation. Please run: `pip install cuml` to install.
2025-07-20 17:08:17,265:INFO:PyCaret RegressionExperiment
2025-07-20 17:08:17,265:INFO:Logging name: reg-default-name
2025-07-20 17:08:17,265:INFO:ML Usecase: MLUsecase.REGRESSION
2025-07-20 17:08:17,267:INFO:version 3.3.2
2025-07-20 17:08:17,267:INFO:Initializing setup()
2025-07-20 17:08:17,267:INFO:self.USI: e86d
2025-07-20 17:08:17,267:INFO:self._variable_keys: {'idx', 'logging_param', 'X_train', 'seed', 'USI', 'gpu_n_jobs_param', '_ml_usecase', 'exp_id', 'y_train', 'memory', 'target_param', 'n_jobs_param', 'data', 'exp_name_log', 'transform_target_param', 'fold_generator', 'y_test', 'X_test', 'gpu_param', 'y', 'X', 'html_param', 'fold_shuffle_param', 'pipeline', 'fold_groups_param', 'log_plots_param', '_available_plots'}
2025-07-20 17:08:17,267:INFO:Checking environment
2025-07-20 17:08:17,267:INFO:python_version: 3.11.13
2025-07-20 17:08:17,267:INFO:python_build: ('main', 'Jun  5 2025 13:03:15')
2025-07-20 17:08:17,267:INFO:machine: AMD64
2025-07-20 17:08:17,268:INFO:platform: Windows-10-10.0.26100-SP0
2025-07-20 17:08:17,271:INFO:Memory: svmem(total=17120587776, available=5260525568, percent=69.3, used=11860062208, free=5260525568)
2025-07-20 17:08:17,271:INFO:Physical Core: 6
2025-07-20 17:08:17,271:INFO:Logical Core: 12
2025-07-20 17:08:17,271:INFO:Checking libraries
2025-07-20 17:08:17,271:INFO:System:
2025-07-20 17:08:17,271:INFO:    python: 3.11.13 | packaged by Anaconda, Inc. | (main, Jun  5 2025, 13:03:15) [MSC v.1929 64 bit (AMD64)]
2025-07-20 17:08:17,271:INFO:executable: c:\Users\PC\anaconda3\envs\PyCaret\python.exe
2025-07-20 17:08:17,271:INFO:   machine: Windows-10-10.0.26100-SP0
2025-07-20 17:08:17,271:INFO:PyCaret required dependencies:
2025-07-20 17:08:17,391:INFO:                 pip: 25.1
2025-07-20 17:08:17,391:INFO:          setuptools: 78.1.1
2025-07-20 17:08:17,391:INFO:             pycaret: 3.3.2
2025-07-20 17:08:17,391:INFO:             IPython: 9.4.0
2025-07-20 17:08:17,391:INFO:          ipywidgets: 8.1.7
2025-07-20 17:08:17,391:INFO:                tqdm: 4.67.1
2025-07-20 17:08:17,391:INFO:               numpy: 1.26.4
2025-07-20 17:08:17,391:INFO:              pandas: 2.1.4
2025-07-20 17:08:17,391:INFO:              jinja2: 3.1.6
2025-07-20 17:08:17,391:INFO:               scipy: 1.11.4
2025-07-20 17:08:17,391:INFO:              joblib: 1.3.2
2025-07-20 17:08:17,391:INFO:             sklearn: 1.4.2
2025-07-20 17:08:17,391:INFO:                pyod: 2.0.5
2025-07-20 17:08:17,391:INFO:            imblearn: 0.13.0
2025-07-20 17:08:17,391:INFO:   category_encoders: 2.7.0
2025-07-20 17:08:17,391:INFO:            lightgbm: 4.6.0
2025-07-20 17:08:17,391:INFO:               numba: 0.61.0
2025-07-20 17:08:17,391:INFO:            requests: 2.32.4
2025-07-20 17:08:17,391:INFO:          matplotlib: 3.7.5
2025-07-20 17:08:17,391:INFO:          scikitplot: 0.3.7
2025-07-20 17:08:17,392:INFO:         yellowbrick: 1.5
2025-07-20 17:08:17,392:INFO:              plotly: 5.24.1
2025-07-20 17:08:17,392:INFO:    plotly-resampler: Not installed
2025-07-20 17:08:17,392:INFO:             kaleido: 1.0.0
2025-07-20 17:08:17,392:INFO:           schemdraw: 0.15
2025-07-20 17:08:17,392:INFO:         statsmodels: 0.14.5
2025-07-20 17:08:17,392:INFO:              sktime: 0.26.0
2025-07-20 17:08:17,392:INFO:               tbats: 1.1.3
2025-07-20 17:08:17,392:INFO:            pmdarima: 2.0.4
2025-07-20 17:08:17,392:INFO:              psutil: 7.0.0
2025-07-20 17:08:17,392:INFO:          markupsafe: 3.0.2
2025-07-20 17:08:17,392:INFO:             pickle5: Not installed
2025-07-20 17:08:17,392:INFO:         cloudpickle: 3.1.1
2025-07-20 17:08:17,392:INFO:         deprecation: 2.1.0
2025-07-20 17:08:17,392:INFO:              xxhash: 3.5.0
2025-07-20 17:08:17,392:INFO:           wurlitzer: Not installed
2025-07-20 17:08:17,392:INFO:PyCaret optional dependencies:
2025-07-20 17:08:18,668:INFO:                shap: 0.44.1
2025-07-20 17:08:18,668:INFO:           interpret: 0.6.16
2025-07-20 17:08:18,668:INFO:                umap: 0.5.7
2025-07-20 17:08:18,668:INFO:     ydata_profiling: 4.16.1
2025-07-20 17:08:18,668:INFO:  explainerdashboard: 0.5.1
2025-07-20 17:08:18,668:INFO:             autoviz: Not installed
2025-07-20 17:08:18,668:INFO:           fairlearn: 0.7.0
2025-07-20 17:08:18,668:INFO:          deepchecks: Not installed
2025-07-20 17:08:18,668:INFO:             xgboost: Not installed
2025-07-20 17:08:18,668:INFO:            catboost: 1.2.8
2025-07-20 17:08:18,668:INFO:              kmodes: Not installed
2025-07-20 17:08:18,668:INFO:             mlxtend: Not installed
2025-07-20 17:08:18,668:INFO:       statsforecast: Not installed
2025-07-20 17:08:18,668:INFO:        tune_sklearn: Not installed
2025-07-20 17:08:18,668:INFO:                 ray: Not installed
2025-07-20 17:08:18,668:INFO:            hyperopt: Not installed
2025-07-20 17:08:18,668:INFO:              optuna: Not installed
2025-07-20 17:08:18,669:INFO:               skopt: Not installed
2025-07-20 17:08:18,669:INFO:              mlflow: 3.1.1
2025-07-20 17:08:18,669:INFO:              gradio: Not installed
2025-07-20 17:08:18,669:INFO:             fastapi: 0.116.0
2025-07-20 17:08:18,669:INFO:             uvicorn: 0.35.0
2025-07-20 17:08:18,669:INFO:              m2cgen: Not installed
2025-07-20 17:08:18,669:INFO:           evidently: Not installed
2025-07-20 17:08:18,669:INFO:               fugue: Not installed
2025-07-20 17:08:18,669:INFO:           streamlit: Not installed
2025-07-20 17:08:18,669:INFO:             prophet: Not installed
2025-07-20 17:08:18,669:INFO:None
2025-07-20 17:08:18,669:INFO:Set up data.
2025-07-20 17:08:18,728:INFO:Set up folding strategy.
2025-07-20 17:08:18,729:INFO:Set up train/test split.
2025-07-20 17:08:18,780:INFO:Set up index.
2025-07-20 17:08:18,785:INFO:Assigning column types.
2025-07-20 17:08:18,844:INFO:Engine successfully changes for model 'lr' to 'sklearn'.
2025-07-20 17:08:18,844:INFO:Engine for model 'lasso' has not been set explicitly, hence returning None.
2025-07-20 17:08:18,849:INFO:Engine for model 'ridge' has not been set explicitly, hence returning None.
2025-07-20 17:08:18,854:INFO:Engine for model 'en' has not been set explicitly, hence returning None.
2025-07-20 17:08:18,978:INFO:Engine for model 'svm' has not been set explicitly, hence returning None.
2025-07-20 17:08:19,026:INFO:Engine for model 'knn' has not been set explicitly, hence returning None.
2025-07-20 17:08:19,027:WARNING:
'xgboost' is a soft dependency and not included in the pycaret installation. Please run: `pip install xgboost` to install.
Alternately, you can install this by running `pip install pycaret[models]`
2025-07-20 17:08:19,028:INFO:Soft dependency imported: catboost: 1.2.8
2025-07-20 17:08:19,159:INFO:Engine for model 'lasso' has not been set explicitly, hence returning None.
2025-07-20 17:08:19,164:INFO:Engine for model 'ridge' has not been set explicitly, hence returning None.
2025-07-20 17:08:19,170:INFO:Engine for model 'en' has not been set explicitly, hence returning None.
2025-07-20 17:08:19,287:INFO:Engine for model 'svm' has not been set explicitly, hence returning None.
2025-07-20 17:08:19,335:INFO:Engine for model 'knn' has not been set explicitly, hence returning None.
2025-07-20 17:08:19,335:WARNING:
'xgboost' is a soft dependency and not included in the pycaret installation. Please run: `pip install xgboost` to install.
Alternately, you can install this by running `pip install pycaret[models]`
2025-07-20 17:08:19,335:INFO:Soft dependency imported: catboost: 1.2.8
2025-07-20 17:08:19,337:INFO:Engine successfully changes for model 'lasso' to 'sklearn'.
2025-07-20 17:08:19,342:INFO:Engine for model 'ridge' has not been set explicitly, hence returning None.
2025-07-20 17:08:19,347:INFO:Engine for model 'en' has not been set explicitly, hence returning None.
2025-07-20 17:08:19,452:INFO:Engine for model 'svm' has not been set explicitly, hence returning None.
2025-07-20 17:08:19,500:INFO:Engine for model 'knn' has not been set explicitly, hence returning None.
2025-07-20 17:08:19,501:WARNING:
'xgboost' is a soft dependency and not included in the pycaret installation. Please run: `pip install xgboost` to install.
Alternately, you can install this by running `pip install pycaret[models]`
2025-07-20 17:08:19,501:INFO:Soft dependency imported: catboost: 1.2.8
2025-07-20 17:08:19,506:INFO:Engine for model 'ridge' has not been set explicitly, hence returning None.
2025-07-20 17:08:19,511:INFO:Engine for model 'en' has not been set explicitly, hence returning None.
2025-07-20 17:08:19,619:INFO:Engine for model 'svm' has not been set explicitly, hence returning None.
2025-07-20 17:08:19,668:INFO:Engine for model 'knn' has not been set explicitly, hence returning None.
2025-07-20 17:08:19,668:WARNING:
'xgboost' is a soft dependency and not included in the pycaret installation. Please run: `pip install xgboost` to install.
Alternately, you can install this by running `pip install pycaret[models]`
2025-07-20 17:08:19,668:INFO:Soft dependency imported: catboost: 1.2.8
2025-07-20 17:08:19,669:INFO:Engine successfully changes for model 'ridge' to 'sklearn'.
2025-07-20 17:08:19,679:INFO:Engine for model 'en' has not been set explicitly, hence returning None.
2025-07-20 17:08:19,784:INFO:Engine for model 'svm' has not been set explicitly, hence returning None.
2025-07-20 17:08:19,831:INFO:Engine for model 'knn' has not been set explicitly, hence returning None.
2025-07-20 17:08:19,831:WARNING:
'xgboost' is a soft dependency and not included in the pycaret installation. Please run: `pip install xgboost` to install.
Alternately, you can install this by running `pip install pycaret[models]`
2025-07-20 17:08:19,833:INFO:Soft dependency imported: catboost: 1.2.8
2025-07-20 17:08:19,843:INFO:Engine for model 'en' has not been set explicitly, hence returning None.
2025-07-20 17:08:19,953:INFO:Engine for model 'svm' has not been set explicitly, hence returning None.
2025-07-20 17:08:20,002:INFO:Engine for model 'knn' has not been set explicitly, hence returning None.
2025-07-20 17:08:20,002:WARNING:
'xgboost' is a soft dependency and not included in the pycaret installation. Please run: `pip install xgboost` to install.
Alternately, you can install this by running `pip install pycaret[models]`
2025-07-20 17:08:20,003:INFO:Soft dependency imported: catboost: 1.2.8
2025-07-20 17:08:20,003:INFO:Engine successfully changes for model 'en' to 'sklearn'.
2025-07-20 17:08:20,122:INFO:Engine for model 'svm' has not been set explicitly, hence returning None.
2025-07-20 17:08:20,172:INFO:Engine for model 'knn' has not been set explicitly, hence returning None.
2025-07-20 17:08:20,172:WARNING:
'xgboost' is a soft dependency and not included in the pycaret installation. Please run: `pip install xgboost` to install.
Alternately, you can install this by running `pip install pycaret[models]`
2025-07-20 17:08:20,173:INFO:Soft dependency imported: catboost: 1.2.8
2025-07-20 17:08:20,296:INFO:Engine for model 'svm' has not been set explicitly, hence returning None.
2025-07-20 17:08:20,345:INFO:Engine for model 'knn' has not been set explicitly, hence returning None.
2025-07-20 17:08:20,346:WARNING:
'xgboost' is a soft dependency and not included in the pycaret installation. Please run: `pip install xgboost` to install.
Alternately, you can install this by running `pip install pycaret[models]`
2025-07-20 17:08:20,346:INFO:Soft dependency imported: catboost: 1.2.8
2025-07-20 17:08:20,346:INFO:Engine successfully changes for model 'knn' to 'sklearn'.
2025-07-20 17:08:20,463:INFO:Engine for model 'svm' has not been set explicitly, hence returning None.
2025-07-20 17:08:20,513:WARNING:
'xgboost' is a soft dependency and not included in the pycaret installation. Please run: `pip install xgboost` to install.
Alternately, you can install this by running `pip install pycaret[models]`
2025-07-20 17:08:20,513:INFO:Soft dependency imported: catboost: 1.2.8
2025-07-20 17:08:20,632:INFO:Engine for model 'svm' has not been set explicitly, hence returning None.
2025-07-20 17:08:20,681:WARNING:
'xgboost' is a soft dependency and not included in the pycaret installation. Please run: `pip install xgboost` to install.
Alternately, you can install this by running `pip install pycaret[models]`
2025-07-20 17:08:20,681:INFO:Soft dependency imported: catboost: 1.2.8
2025-07-20 17:08:20,682:INFO:Engine successfully changes for model 'svm' to 'sklearn'.
2025-07-20 17:08:20,848:WARNING:
'xgboost' is a soft dependency and not included in the pycaret installation. Please run: `pip install xgboost` to install.
Alternately, you can install this by running `pip install pycaret[models]`
2025-07-20 17:08:20,848:INFO:Soft dependency imported: catboost: 1.2.8
2025-07-20 17:08:21,016:WARNING:
'xgboost' is a soft dependency and not included in the pycaret installation. Please run: `pip install xgboost` to install.
Alternately, you can install this by running `pip install pycaret[models]`
2025-07-20 17:08:21,017:INFO:Soft dependency imported: catboost: 1.2.8
2025-07-20 17:08:21,019:INFO:Preparing preprocessing pipeline...
2025-07-20 17:08:21,019:INFO:Set up simple imputation.
2025-07-20 17:08:21,139:INFO:Finished creating preprocessing pipeline.
2025-07-20 17:08:21,142:INFO:Pipeline: Pipeline(memory=FastMemory(location=C:\Users\PC\AppData\Local\Temp\joblib),
         steps=[('numerical_imputer',
                 TransformerWrapper(include=['id', 'brand', 'model',
                                             'model_year', 'milage',
                                             'fuel_type', 'engine',
                                             'transmission', 'ext_col',
                                             'int_col', 'accident',
                                             'clean_title'],
                                    transformer=SimpleImputer())),
                ('categorical_imputer',
                 TransformerWrapper(include=[],
                                    transformer=SimpleImputer(strategy='most_frequent')))])
2025-07-20 17:08:21,142:INFO:Creating final display dataframe.
2025-07-20 17:08:21,421:INFO:Setup _display_container:                     Description             Value
0                    Session id               123
1                        Target             price
2                   Target type        Regression
3           Original data shape      (188533, 13)
4        Transformed data shape      (188533, 13)
5   Transformed train set shape      (131973, 13)
6    Transformed test set shape       (56560, 13)
7              Numeric features                12
8                    Preprocess              True
9               Imputation type            simple
10           Numeric imputation              mean
11       Categorical imputation              mode
12               Fold Generator             KFold
13                  Fold Number                10
14                     CPU Jobs                 3
15                      Use GPU             False
16               Log Experiment             False
17              Experiment Name  reg-default-name
18                          USI              e86d
2025-07-20 17:08:21,602:WARNING:
'xgboost' is a soft dependency and not included in the pycaret installation. Please run: `pip install xgboost` to install.
Alternately, you can install this by running `pip install pycaret[models]`
2025-07-20 17:08:21,602:INFO:Soft dependency imported: catboost: 1.2.8
2025-07-20 17:08:21,785:WARNING:
'xgboost' is a soft dependency and not included in the pycaret installation. Please run: `pip install xgboost` to install.
Alternately, you can install this by running `pip install pycaret[models]`
2025-07-20 17:08:21,785:INFO:Soft dependency imported: catboost: 1.2.8
2025-07-20 17:08:21,786:INFO:setup() successfully completed in 4.53s...............
2025-07-20 17:08:21,786:INFO:Initializing compare_models()
2025-07-20 17:08:21,786:INFO:compare_models(self=<pycaret.regression.oop.RegressionExperiment object at 0x0000029FA4AAAE10>, include=None, exclude=None, fold=None, round=4, cross_validation=True, sort=R2, n_select=1, budget_time=None, turbo=True, errors=ignore, fit_kwargs=None, groups=None, experiment_custom_tags=None, probability_threshold=None, verbose=True, parallel=None, caller_params={'self': <pycaret.regression.oop.RegressionExperiment object at 0x0000029FA4AAAE10>, 'include': None, 'exclude': None, 'fold': None, 'round': 4, 'cross_validation': True, 'sort': 'R2', 'n_select': 1, 'budget_time': None, 'turbo': True, 'errors': 'ignore', 'fit_kwargs': None, 'groups': None, 'experiment_custom_tags': None, 'engine': None, 'verbose': True, 'parallel': None, '__class__': <class 'pycaret.regression.oop.RegressionExperiment'>})
2025-07-20 17:08:21,786:INFO:Checking exceptions
2025-07-20 17:08:21,811:INFO:Preparing display monitor
2025-07-20 17:08:21,840:INFO:Initializing Linear Regression
2025-07-20 17:08:21,840:INFO:Total runtime is 0.0 minutes
2025-07-20 17:08:21,846:INFO:SubProcess create_model() called ==================================
2025-07-20 17:08:21,846:INFO:Initializing create_model()
2025-07-20 17:08:21,846:INFO:create_model(self=<pycaret.regression.oop.RegressionExperiment object at 0x0000029FA4AAAE10>, estimator=lr, fold=KFold(n_splits=10, random_state=None, shuffle=False), round=4, cross_validation=True, predict=True, fit_kwargs={}, groups=None, refit=False, probability_threshold=None, experiment_custom_tags=None, verbose=False, system=False, add_to_model_list=True, metrics=None, display=<pycaret.internal.display.display.CommonDisplay object at 0x0000029FAF087D90>, model_only=True, return_train_score=False, error_score=0.0, kwargs={})
2025-07-20 17:08:21,846:INFO:Checking exceptions
2025-07-20 17:08:21,846:INFO:Importing libraries
2025-07-20 17:08:21,846:INFO:Copying training dataset
2025-07-20 17:08:21,970:INFO:Defining folds
2025-07-20 17:08:21,970:INFO:Declaring metric variables
2025-07-20 17:08:21,974:INFO:Importing untrained model
2025-07-20 17:08:21,980:INFO:Linear Regression Imported successfully
2025-07-20 17:08:21,989:INFO:Starting cross validation
2025-07-20 17:08:22,001:INFO:Cross validating with KFold(n_splits=10, random_state=None, shuffle=False), n_jobs=3
2025-07-20 17:08:25,720:INFO:Calculating mean and std
2025-07-20 17:08:25,721:INFO:Creating metrics dataframe
2025-07-20 17:08:25,723:INFO:Uploading results into container
2025-07-20 17:08:25,723:INFO:Uploading model into container now
2025-07-20 17:08:25,724:INFO:_master_model_container: 1
2025-07-20 17:08:25,724:INFO:_display_container: 2
2025-07-20 17:08:25,724:INFO:LinearRegression(n_jobs=3)
2025-07-20 17:08:25,724:INFO:create_model() successfully completed......................................
2025-07-20 17:08:25,944:INFO:SubProcess create_model() end ==================================
2025-07-20 17:08:25,944:INFO:Creating metrics dataframe
2025-07-20 17:08:25,949:INFO:Initializing Lasso Regression
2025-07-20 17:08:25,949:INFO:Total runtime is 0.06848578453063965 minutes
2025-07-20 17:08:25,955:INFO:SubProcess create_model() called ==================================
2025-07-20 17:08:25,955:INFO:Initializing create_model()
2025-07-20 17:08:25,955:INFO:create_model(self=<pycaret.regression.oop.RegressionExperiment object at 0x0000029FA4AAAE10>, estimator=lasso, fold=KFold(n_splits=10, random_state=None, shuffle=False), round=4, cross_validation=True, predict=True, fit_kwargs={}, groups=None, refit=False, probability_threshold=None, experiment_custom_tags=None, verbose=False, system=False, add_to_model_list=True, metrics=None, display=<pycaret.internal.display.display.CommonDisplay object at 0x0000029FAF087D90>, model_only=True, return_train_score=False, error_score=0.0, kwargs={})
2025-07-20 17:08:25,955:INFO:Checking exceptions
2025-07-20 17:08:25,955:INFO:Importing libraries
2025-07-20 17:08:25,955:INFO:Copying training dataset
2025-07-20 17:08:26,028:INFO:Defining folds
2025-07-20 17:08:26,028:INFO:Declaring metric variables
2025-07-20 17:08:26,033:INFO:Importing untrained model
2025-07-20 17:08:26,038:INFO:Lasso Regression Imported successfully
2025-07-20 17:08:26,046:INFO:Starting cross validation
2025-07-20 17:08:26,048:INFO:Cross validating with KFold(n_splits=10, random_state=None, shuffle=False), n_jobs=3
2025-07-20 17:08:26,897:INFO:Calculating mean and std
2025-07-20 17:08:26,898:INFO:Creating metrics dataframe
2025-07-20 17:08:26,899:INFO:Uploading results into container
2025-07-20 17:08:26,900:INFO:Uploading model into container now
2025-07-20 17:08:26,900:INFO:_master_model_container: 2
2025-07-20 17:08:26,900:INFO:_display_container: 2
2025-07-20 17:08:26,900:INFO:Lasso(random_state=123)
2025-07-20 17:08:26,900:INFO:create_model() successfully completed......................................
2025-07-20 17:08:27,151:INFO:SubProcess create_model() end ==================================
2025-07-20 17:08:27,151:INFO:Creating metrics dataframe
2025-07-20 17:08:27,157:INFO:Initializing Ridge Regression
2025-07-20 17:08:27,157:INFO:Total runtime is 0.08860513369242351 minutes
2025-07-20 17:08:27,160:INFO:SubProcess create_model() called ==================================
2025-07-20 17:08:27,161:INFO:Initializing create_model()
2025-07-20 17:08:27,161:INFO:create_model(self=<pycaret.regression.oop.RegressionExperiment object at 0x0000029FA4AAAE10>, estimator=ridge, fold=KFold(n_splits=10, random_state=None, shuffle=False), round=4, cross_validation=True, predict=True, fit_kwargs={}, groups=None, refit=False, probability_threshold=None, experiment_custom_tags=None, verbose=False, system=False, add_to_model_list=True, metrics=None, display=<pycaret.internal.display.display.CommonDisplay object at 0x0000029FAF087D90>, model_only=True, return_train_score=False, error_score=0.0, kwargs={})
2025-07-20 17:08:27,161:INFO:Checking exceptions
2025-07-20 17:08:27,161:INFO:Importing libraries
2025-07-20 17:08:27,161:INFO:Copying training dataset
2025-07-20 17:08:27,233:INFO:Defining folds
2025-07-20 17:08:27,234:INFO:Declaring metric variables
2025-07-20 17:08:27,238:INFO:Importing untrained model
2025-07-20 17:08:27,243:INFO:Ridge Regression Imported successfully
2025-07-20 17:08:27,252:INFO:Starting cross validation
2025-07-20 17:08:27,253:INFO:Cross validating with KFold(n_splits=10, random_state=None, shuffle=False), n_jobs=3
2025-07-20 17:08:27,887:INFO:Calculating mean and std
2025-07-20 17:08:27,888:INFO:Creating metrics dataframe
2025-07-20 17:08:27,889:INFO:Uploading results into container
2025-07-20 17:08:27,889:INFO:Uploading model into container now
2025-07-20 17:08:27,890:INFO:_master_model_container: 3
2025-07-20 17:08:27,890:INFO:_display_container: 2
2025-07-20 17:08:27,890:INFO:Ridge(random_state=123)
2025-07-20 17:08:27,890:INFO:create_model() successfully completed......................................
2025-07-20 17:08:28,093:INFO:SubProcess create_model() end ==================================
2025-07-20 17:08:28,093:INFO:Creating metrics dataframe
2025-07-20 17:08:28,099:INFO:Initializing Elastic Net
2025-07-20 17:08:28,100:INFO:Total runtime is 0.10432618459065757 minutes
2025-07-20 17:08:28,103:INFO:SubProcess create_model() called ==================================
2025-07-20 17:08:28,104:INFO:Initializing create_model()
2025-07-20 17:08:28,104:INFO:create_model(self=<pycaret.regression.oop.RegressionExperiment object at 0x0000029FA4AAAE10>, estimator=en, fold=KFold(n_splits=10, random_state=None, shuffle=False), round=4, cross_validation=True, predict=True, fit_kwargs={}, groups=None, refit=False, probability_threshold=None, experiment_custom_tags=None, verbose=False, system=False, add_to_model_list=True, metrics=None, display=<pycaret.internal.display.display.CommonDisplay object at 0x0000029FAF087D90>, model_only=True, return_train_score=False, error_score=0.0, kwargs={})
2025-07-20 17:08:28,104:INFO:Checking exceptions
2025-07-20 17:08:28,104:INFO:Importing libraries
2025-07-20 17:08:28,104:INFO:Copying training dataset
2025-07-20 17:08:28,166:INFO:Defining folds
2025-07-20 17:08:28,166:INFO:Declaring metric variables
2025-07-20 17:08:28,169:INFO:Importing untrained model
2025-07-20 17:08:28,174:INFO:Elastic Net Imported successfully
2025-07-20 17:08:28,182:INFO:Starting cross validation
2025-07-20 17:08:28,182:INFO:Cross validating with KFold(n_splits=10, random_state=None, shuffle=False), n_jobs=3
2025-07-20 17:08:28,810:INFO:Calculating mean and std
2025-07-20 17:08:28,811:INFO:Creating metrics dataframe
2025-07-20 17:08:28,814:INFO:Uploading results into container
2025-07-20 17:08:28,814:INFO:Uploading model into container now
2025-07-20 17:08:28,814:INFO:_master_model_container: 4
2025-07-20 17:08:28,814:INFO:_display_container: 2
2025-07-20 17:08:28,815:INFO:ElasticNet(random_state=123)
2025-07-20 17:08:28,815:INFO:create_model() successfully completed......................................
2025-07-20 17:08:29,013:INFO:SubProcess create_model() end ==================================
2025-07-20 17:08:29,013:INFO:Creating metrics dataframe
2025-07-20 17:08:29,019:INFO:Initializing Least Angle Regression
2025-07-20 17:08:29,020:INFO:Total runtime is 0.11965938011805217 minutes
2025-07-20 17:08:29,023:INFO:SubProcess create_model() called ==================================
2025-07-20 17:08:29,023:INFO:Initializing create_model()
2025-07-20 17:08:29,023:INFO:create_model(self=<pycaret.regression.oop.RegressionExperiment object at 0x0000029FA4AAAE10>, estimator=lar, fold=KFold(n_splits=10, random_state=None, shuffle=False), round=4, cross_validation=True, predict=True, fit_kwargs={}, groups=None, refit=False, probability_threshold=None, experiment_custom_tags=None, verbose=False, system=False, add_to_model_list=True, metrics=None, display=<pycaret.internal.display.display.CommonDisplay object at 0x0000029FAF087D90>, model_only=True, return_train_score=False, error_score=0.0, kwargs={})
2025-07-20 17:08:29,024:INFO:Checking exceptions
2025-07-20 17:08:29,024:INFO:Importing libraries
2025-07-20 17:08:29,024:INFO:Copying training dataset
2025-07-20 17:08:29,087:INFO:Defining folds
2025-07-20 17:08:29,088:INFO:Declaring metric variables
2025-07-20 17:08:29,093:INFO:Importing untrained model
2025-07-20 17:08:29,097:INFO:Least Angle Regression Imported successfully
2025-07-20 17:08:29,104:INFO:Starting cross validation
2025-07-20 17:08:29,105:INFO:Cross validating with KFold(n_splits=10, random_state=None, shuffle=False), n_jobs=3
2025-07-20 17:08:29,713:INFO:Calculating mean and std
2025-07-20 17:08:29,714:INFO:Creating metrics dataframe
2025-07-20 17:08:29,716:INFO:Uploading results into container
2025-07-20 17:08:29,716:INFO:Uploading model into container now
2025-07-20 17:08:29,716:INFO:_master_model_container: 5
2025-07-20 17:08:29,716:INFO:_display_container: 2
2025-07-20 17:08:29,717:INFO:Lars(random_state=123)
2025-07-20 17:08:29,717:INFO:create_model() successfully completed......................................
2025-07-20 17:08:29,914:INFO:SubProcess create_model() end ==================================
2025-07-20 17:08:29,914:INFO:Creating metrics dataframe
2025-07-20 17:08:29,920:INFO:Initializing Lasso Least Angle Regression
2025-07-20 17:08:29,920:INFO:Total runtime is 0.134668231010437 minutes
2025-07-20 17:08:29,925:INFO:SubProcess create_model() called ==================================
2025-07-20 17:08:29,925:INFO:Initializing create_model()
2025-07-20 17:08:29,925:INFO:create_model(self=<pycaret.regression.oop.RegressionExperiment object at 0x0000029FA4AAAE10>, estimator=llar, fold=KFold(n_splits=10, random_state=None, shuffle=False), round=4, cross_validation=True, predict=True, fit_kwargs={}, groups=None, refit=False, probability_threshold=None, experiment_custom_tags=None, verbose=False, system=False, add_to_model_list=True, metrics=None, display=<pycaret.internal.display.display.CommonDisplay object at 0x0000029FAF087D90>, model_only=True, return_train_score=False, error_score=0.0, kwargs={})
2025-07-20 17:08:29,925:INFO:Checking exceptions
2025-07-20 17:08:29,925:INFO:Importing libraries
2025-07-20 17:08:29,926:INFO:Copying training dataset
2025-07-20 17:08:29,987:INFO:Defining folds
2025-07-20 17:08:29,987:INFO:Declaring metric variables
2025-07-20 17:08:29,992:INFO:Importing untrained model
2025-07-20 17:08:29,995:INFO:Lasso Least Angle Regression Imported successfully
2025-07-20 17:08:30,001:INFO:Starting cross validation
2025-07-20 17:08:30,002:INFO:Cross validating with KFold(n_splits=10, random_state=None, shuffle=False), n_jobs=3
2025-07-20 17:08:30,635:INFO:Calculating mean and std
2025-07-20 17:08:30,636:INFO:Creating metrics dataframe
2025-07-20 17:08:30,639:INFO:Uploading results into container
2025-07-20 17:08:30,639:INFO:Uploading model into container now
2025-07-20 17:08:30,640:INFO:_master_model_container: 6
2025-07-20 17:08:30,640:INFO:_display_container: 2
2025-07-20 17:08:30,640:INFO:LassoLars(random_state=123)
2025-07-20 17:08:30,640:INFO:create_model() successfully completed......................................
2025-07-20 17:08:30,839:INFO:SubProcess create_model() end ==================================
2025-07-20 17:08:30,839:INFO:Creating metrics dataframe
2025-07-20 17:08:30,844:INFO:Initializing Orthogonal Matching Pursuit
2025-07-20 17:08:30,846:INFO:Total runtime is 0.15006552934646605 minutes
2025-07-20 17:08:30,849:INFO:SubProcess create_model() called ==================================
2025-07-20 17:08:30,849:INFO:Initializing create_model()
2025-07-20 17:08:30,849:INFO:create_model(self=<pycaret.regression.oop.RegressionExperiment object at 0x0000029FA4AAAE10>, estimator=omp, fold=KFold(n_splits=10, random_state=None, shuffle=False), round=4, cross_validation=True, predict=True, fit_kwargs={}, groups=None, refit=False, probability_threshold=None, experiment_custom_tags=None, verbose=False, system=False, add_to_model_list=True, metrics=None, display=<pycaret.internal.display.display.CommonDisplay object at 0x0000029FAF087D90>, model_only=True, return_train_score=False, error_score=0.0, kwargs={})
2025-07-20 17:08:30,849:INFO:Checking exceptions
2025-07-20 17:08:30,850:INFO:Importing libraries
2025-07-20 17:08:30,850:INFO:Copying training dataset
2025-07-20 17:08:30,910:INFO:Defining folds
2025-07-20 17:08:30,910:INFO:Declaring metric variables
2025-07-20 17:08:30,913:INFO:Importing untrained model
2025-07-20 17:08:30,917:INFO:Orthogonal Matching Pursuit Imported successfully
2025-07-20 17:08:30,924:INFO:Starting cross validation
2025-07-20 17:08:30,925:INFO:Cross validating with KFold(n_splits=10, random_state=None, shuffle=False), n_jobs=3
2025-07-20 17:08:31,575:INFO:Calculating mean and std
2025-07-20 17:08:31,576:INFO:Creating metrics dataframe
2025-07-20 17:08:31,579:INFO:Uploading results into container
2025-07-20 17:08:31,580:INFO:Uploading model into container now
2025-07-20 17:08:31,580:INFO:_master_model_container: 7
2025-07-20 17:08:31,580:INFO:_display_container: 2
2025-07-20 17:08:31,580:INFO:OrthogonalMatchingPursuit()
2025-07-20 17:08:31,581:INFO:create_model() successfully completed......................................
2025-07-20 17:08:31,777:INFO:SubProcess create_model() end ==================================
2025-07-20 17:08:31,777:INFO:Creating metrics dataframe
2025-07-20 17:08:31,785:INFO:Initializing Bayesian Ridge
2025-07-20 17:08:31,785:INFO:Total runtime is 0.1657384951909383 minutes
2025-07-20 17:08:31,789:INFO:SubProcess create_model() called ==================================
2025-07-20 17:08:31,789:INFO:Initializing create_model()
2025-07-20 17:08:31,789:INFO:create_model(self=<pycaret.regression.oop.RegressionExperiment object at 0x0000029FA4AAAE10>, estimator=br, fold=KFold(n_splits=10, random_state=None, shuffle=False), round=4, cross_validation=True, predict=True, fit_kwargs={}, groups=None, refit=False, probability_threshold=None, experiment_custom_tags=None, verbose=False, system=False, add_to_model_list=True, metrics=None, display=<pycaret.internal.display.display.CommonDisplay object at 0x0000029FAF087D90>, model_only=True, return_train_score=False, error_score=0.0, kwargs={})
2025-07-20 17:08:31,789:INFO:Checking exceptions
2025-07-20 17:08:31,789:INFO:Importing libraries
2025-07-20 17:08:31,789:INFO:Copying training dataset
2025-07-20 17:08:31,857:INFO:Defining folds
2025-07-20 17:08:31,857:INFO:Declaring metric variables
2025-07-20 17:08:31,862:INFO:Importing untrained model
2025-07-20 17:08:31,866:INFO:Bayesian Ridge Imported successfully
2025-07-20 17:08:31,875:INFO:Starting cross validation
2025-07-20 17:08:31,876:INFO:Cross validating with KFold(n_splits=10, random_state=None, shuffle=False), n_jobs=3
2025-07-20 17:08:32,601:INFO:Calculating mean and std
2025-07-20 17:08:32,602:INFO:Creating metrics dataframe
2025-07-20 17:08:32,604:INFO:Uploading results into container
2025-07-20 17:08:32,604:INFO:Uploading model into container now
2025-07-20 17:08:32,604:INFO:_master_model_container: 8
2025-07-20 17:08:32,605:INFO:_display_container: 2
2025-07-20 17:08:32,605:INFO:BayesianRidge()
2025-07-20 17:08:32,605:INFO:create_model() successfully completed......................................
2025-07-20 17:08:32,852:INFO:SubProcess create_model() end ==================================
2025-07-20 17:08:32,852:INFO:Creating metrics dataframe
2025-07-20 17:08:32,860:INFO:Initializing Passive Aggressive Regressor
2025-07-20 17:08:32,860:INFO:Total runtime is 0.18366330464680988 minutes
2025-07-20 17:08:32,863:INFO:SubProcess create_model() called ==================================
2025-07-20 17:08:32,864:INFO:Initializing create_model()
2025-07-20 17:08:32,864:INFO:create_model(self=<pycaret.regression.oop.RegressionExperiment object at 0x0000029FA4AAAE10>, estimator=par, fold=KFold(n_splits=10, random_state=None, shuffle=False), round=4, cross_validation=True, predict=True, fit_kwargs={}, groups=None, refit=False, probability_threshold=None, experiment_custom_tags=None, verbose=False, system=False, add_to_model_list=True, metrics=None, display=<pycaret.internal.display.display.CommonDisplay object at 0x0000029FAF087D90>, model_only=True, return_train_score=False, error_score=0.0, kwargs={})
2025-07-20 17:08:32,864:INFO:Checking exceptions
2025-07-20 17:08:32,864:INFO:Importing libraries
2025-07-20 17:08:32,864:INFO:Copying training dataset
2025-07-20 17:08:32,928:INFO:Defining folds
2025-07-20 17:08:32,929:INFO:Declaring metric variables
2025-07-20 17:08:32,933:INFO:Importing untrained model
2025-07-20 17:08:32,937:INFO:Passive Aggressive Regressor Imported successfully
2025-07-20 17:08:32,945:INFO:Starting cross validation
2025-07-20 17:08:32,946:INFO:Cross validating with KFold(n_splits=10, random_state=None, shuffle=False), n_jobs=3
2025-07-20 17:08:34,119:INFO:Calculating mean and std
2025-07-20 17:08:34,120:INFO:Creating metrics dataframe
2025-07-20 17:08:34,122:INFO:Uploading results into container
2025-07-20 17:08:34,123:INFO:Uploading model into container now
2025-07-20 17:08:34,123:INFO:_master_model_container: 9
2025-07-20 17:08:34,123:INFO:_display_container: 2
2025-07-20 17:08:34,124:INFO:PassiveAggressiveRegressor(random_state=123)
2025-07-20 17:08:34,124:INFO:create_model() successfully completed......................................
2025-07-20 17:08:34,333:INFO:SubProcess create_model() end ==================================
2025-07-20 17:08:34,333:INFO:Creating metrics dataframe
2025-07-20 17:08:34,340:INFO:Initializing Huber Regressor
2025-07-20 17:08:34,340:INFO:Total runtime is 0.20832237005233764 minutes
2025-07-20 17:08:34,343:INFO:SubProcess create_model() called ==================================
2025-07-20 17:08:34,343:INFO:Initializing create_model()
2025-07-20 17:08:34,344:INFO:create_model(self=<pycaret.regression.oop.RegressionExperiment object at 0x0000029FA4AAAE10>, estimator=huber, fold=KFold(n_splits=10, random_state=None, shuffle=False), round=4, cross_validation=True, predict=True, fit_kwargs={}, groups=None, refit=False, probability_threshold=None, experiment_custom_tags=None, verbose=False, system=False, add_to_model_list=True, metrics=None, display=<pycaret.internal.display.display.CommonDisplay object at 0x0000029FAF087D90>, model_only=True, return_train_score=False, error_score=0.0, kwargs={})
2025-07-20 17:08:34,344:INFO:Checking exceptions
2025-07-20 17:08:34,344:INFO:Importing libraries
2025-07-20 17:08:34,344:INFO:Copying training dataset
2025-07-20 17:08:34,414:INFO:Defining folds
2025-07-20 17:08:34,414:INFO:Declaring metric variables
2025-07-20 17:08:34,419:INFO:Importing untrained model
2025-07-20 17:08:34,424:INFO:Huber Regressor Imported successfully
2025-07-20 17:08:34,432:INFO:Starting cross validation
2025-07-20 17:08:34,432:INFO:Cross validating with KFold(n_splits=10, random_state=None, shuffle=False), n_jobs=3
2025-07-20 17:08:37,306:INFO:Calculating mean and std
2025-07-20 17:08:37,307:INFO:Creating metrics dataframe
2025-07-20 17:08:37,308:INFO:Uploading results into container
2025-07-20 17:08:37,309:INFO:Uploading model into container now
2025-07-20 17:08:37,309:INFO:_master_model_container: 10
2025-07-20 17:08:37,309:INFO:_display_container: 2
2025-07-20 17:08:37,309:INFO:HuberRegressor()
2025-07-20 17:08:37,310:INFO:create_model() successfully completed......................................
2025-07-20 17:08:37,516:INFO:SubProcess create_model() end ==================================
2025-07-20 17:08:37,516:INFO:Creating metrics dataframe
2025-07-20 17:08:37,524:INFO:Initializing K Neighbors Regressor
2025-07-20 17:08:37,524:INFO:Total runtime is 0.2614006916681925 minutes
2025-07-20 17:08:37,529:INFO:SubProcess create_model() called ==================================
2025-07-20 17:08:37,529:INFO:Initializing create_model()
2025-07-20 17:08:37,529:INFO:create_model(self=<pycaret.regression.oop.RegressionExperiment object at 0x0000029FA4AAAE10>, estimator=knn, fold=KFold(n_splits=10, random_state=None, shuffle=False), round=4, cross_validation=True, predict=True, fit_kwargs={}, groups=None, refit=False, probability_threshold=None, experiment_custom_tags=None, verbose=False, system=False, add_to_model_list=True, metrics=None, display=<pycaret.internal.display.display.CommonDisplay object at 0x0000029FAF087D90>, model_only=True, return_train_score=False, error_score=0.0, kwargs={})
2025-07-20 17:08:37,530:INFO:Checking exceptions
2025-07-20 17:08:37,530:INFO:Importing libraries
2025-07-20 17:08:37,530:INFO:Copying training dataset
2025-07-20 17:08:37,593:INFO:Defining folds
2025-07-20 17:08:37,593:INFO:Declaring metric variables
2025-07-20 17:08:37,598:INFO:Importing untrained model
2025-07-20 17:08:37,601:INFO:K Neighbors Regressor Imported successfully
2025-07-20 17:08:37,609:INFO:Starting cross validation
2025-07-20 17:08:37,610:INFO:Cross validating with KFold(n_splits=10, random_state=None, shuffle=False), n_jobs=3
2025-07-20 17:08:58,510:INFO:Calculating mean and std
2025-07-20 17:08:58,511:INFO:Creating metrics dataframe
2025-07-20 17:08:58,513:INFO:Uploading results into container
2025-07-20 17:08:58,513:INFO:Uploading model into container now
2025-07-20 17:08:58,514:INFO:_master_model_container: 11
2025-07-20 17:08:58,514:INFO:_display_container: 2
2025-07-20 17:08:58,514:INFO:KNeighborsRegressor(n_jobs=3)
2025-07-20 17:08:58,514:INFO:create_model() successfully completed......................................
2025-07-20 17:08:58,715:INFO:SubProcess create_model() end ==================================
2025-07-20 17:08:58,715:INFO:Creating metrics dataframe
2025-07-20 17:08:58,723:INFO:Initializing Decision Tree Regressor
2025-07-20 17:08:58,723:INFO:Total runtime is 0.6147104263305664 minutes
2025-07-20 17:08:58,726:INFO:SubProcess create_model() called ==================================
2025-07-20 17:08:58,726:INFO:Initializing create_model()
2025-07-20 17:08:58,727:INFO:create_model(self=<pycaret.regression.oop.RegressionExperiment object at 0x0000029FA4AAAE10>, estimator=dt, fold=KFold(n_splits=10, random_state=None, shuffle=False), round=4, cross_validation=True, predict=True, fit_kwargs={}, groups=None, refit=False, probability_threshold=None, experiment_custom_tags=None, verbose=False, system=False, add_to_model_list=True, metrics=None, display=<pycaret.internal.display.display.CommonDisplay object at 0x0000029FAF087D90>, model_only=True, return_train_score=False, error_score=0.0, kwargs={})
2025-07-20 17:08:58,727:INFO:Checking exceptions
2025-07-20 17:08:58,727:INFO:Importing libraries
2025-07-20 17:08:58,727:INFO:Copying training dataset
2025-07-20 17:08:58,788:INFO:Defining folds
2025-07-20 17:08:58,788:INFO:Declaring metric variables
2025-07-20 17:08:58,791:INFO:Importing untrained model
2025-07-20 17:08:58,795:INFO:Decision Tree Regressor Imported successfully
2025-07-20 17:08:58,802:INFO:Starting cross validation
2025-07-20 17:08:58,804:INFO:Cross validating with KFold(n_splits=10, random_state=None, shuffle=False), n_jobs=3
2025-07-20 17:09:03,959:INFO:Calculating mean and std
2025-07-20 17:09:03,960:INFO:Creating metrics dataframe
2025-07-20 17:09:03,962:INFO:Uploading results into container
2025-07-20 17:09:03,963:INFO:Uploading model into container now
2025-07-20 17:09:03,963:INFO:_master_model_container: 12
2025-07-20 17:09:03,963:INFO:_display_container: 2
2025-07-20 17:09:03,964:INFO:DecisionTreeRegressor(random_state=123)
2025-07-20 17:09:03,964:INFO:create_model() successfully completed......................................
2025-07-20 17:09:04,162:INFO:SubProcess create_model() end ==================================
2025-07-20 17:09:04,162:INFO:Creating metrics dataframe
2025-07-20 17:09:04,171:INFO:Initializing Random Forest Regressor
2025-07-20 17:09:04,171:INFO:Total runtime is 0.7055113673210144 minutes
2025-07-20 17:09:04,174:INFO:SubProcess create_model() called ==================================
2025-07-20 17:09:04,175:INFO:Initializing create_model()
2025-07-20 17:09:04,175:INFO:create_model(self=<pycaret.regression.oop.RegressionExperiment object at 0x0000029FA4AAAE10>, estimator=rf, fold=KFold(n_splits=10, random_state=None, shuffle=False), round=4, cross_validation=True, predict=True, fit_kwargs={}, groups=None, refit=False, probability_threshold=None, experiment_custom_tags=None, verbose=False, system=False, add_to_model_list=True, metrics=None, display=<pycaret.internal.display.display.CommonDisplay object at 0x0000029FAF087D90>, model_only=True, return_train_score=False, error_score=0.0, kwargs={})
2025-07-20 17:09:04,175:INFO:Checking exceptions
2025-07-20 17:09:04,175:INFO:Importing libraries
2025-07-20 17:09:04,175:INFO:Copying training dataset
2025-07-20 17:09:04,240:INFO:Defining folds
2025-07-20 17:09:04,240:INFO:Declaring metric variables
2025-07-20 17:09:04,245:INFO:Importing untrained model
2025-07-20 17:09:04,249:INFO:Random Forest Regressor Imported successfully
2025-07-20 17:09:04,256:INFO:Starting cross validation
2025-07-20 17:09:04,257:INFO:Cross validating with KFold(n_splits=10, random_state=None, shuffle=False), n_jobs=3
2025-07-20 17:11:19,900:INFO:Calculating mean and std
2025-07-20 17:11:19,901:INFO:Creating metrics dataframe
2025-07-20 17:11:19,903:INFO:Uploading results into container
2025-07-20 17:11:19,903:INFO:Uploading model into container now
2025-07-20 17:11:19,904:INFO:_master_model_container: 13
2025-07-20 17:11:19,904:INFO:_display_container: 2
2025-07-20 17:11:19,904:INFO:RandomForestRegressor(n_jobs=3, random_state=123)
2025-07-20 17:11:19,904:INFO:create_model() successfully completed......................................
2025-07-20 17:11:20,112:INFO:SubProcess create_model() end ==================================
2025-07-20 17:11:20,113:INFO:Creating metrics dataframe
2025-07-20 17:11:20,120:INFO:Initializing Extra Trees Regressor
2025-07-20 17:11:20,121:INFO:Total runtime is 2.9713497440020245 minutes
2025-07-20 17:11:20,125:INFO:SubProcess create_model() called ==================================
2025-07-20 17:11:20,125:INFO:Initializing create_model()
2025-07-20 17:11:20,125:INFO:create_model(self=<pycaret.regression.oop.RegressionExperiment object at 0x0000029FA4AAAE10>, estimator=et, fold=KFold(n_splits=10, random_state=None, shuffle=False), round=4, cross_validation=True, predict=True, fit_kwargs={}, groups=None, refit=False, probability_threshold=None, experiment_custom_tags=None, verbose=False, system=False, add_to_model_list=True, metrics=None, display=<pycaret.internal.display.display.CommonDisplay object at 0x0000029FAF087D90>, model_only=True, return_train_score=False, error_score=0.0, kwargs={})
2025-07-20 17:11:20,125:INFO:Checking exceptions
2025-07-20 17:11:20,127:INFO:Importing libraries
2025-07-20 17:11:20,127:INFO:Copying training dataset
2025-07-20 17:11:20,199:INFO:Defining folds
2025-07-20 17:11:20,200:INFO:Declaring metric variables
2025-07-20 17:11:20,204:INFO:Importing untrained model
2025-07-20 17:11:20,211:INFO:Extra Trees Regressor Imported successfully
2025-07-20 17:11:20,222:INFO:Starting cross validation
2025-07-20 17:11:20,222:INFO:Cross validating with KFold(n_splits=10, random_state=None, shuffle=False), n_jobs=3
2025-07-20 17:12:29,077:INFO:Calculating mean and std
2025-07-20 17:12:29,078:INFO:Creating metrics dataframe
2025-07-20 17:12:29,080:INFO:Uploading results into container
2025-07-20 17:12:29,080:INFO:Uploading model into container now
2025-07-20 17:12:29,081:INFO:_master_model_container: 14
2025-07-20 17:12:29,081:INFO:_display_container: 2
2025-07-20 17:12:29,082:INFO:ExtraTreesRegressor(n_jobs=3, random_state=123)
2025-07-20 17:12:29,082:INFO:create_model() successfully completed......................................
2025-07-20 17:12:29,307:INFO:SubProcess create_model() end ==================================
2025-07-20 17:12:29,307:INFO:Creating metrics dataframe
2025-07-20 17:12:29,316:INFO:Initializing AdaBoost Regressor
2025-07-20 17:12:29,316:INFO:Total runtime is 4.124586753050487 minutes
2025-07-20 17:12:29,320:INFO:SubProcess create_model() called ==================================
2025-07-20 17:12:29,320:INFO:Initializing create_model()
2025-07-20 17:12:29,320:INFO:create_model(self=<pycaret.regression.oop.RegressionExperiment object at 0x0000029FA4AAAE10>, estimator=ada, fold=KFold(n_splits=10, random_state=None, shuffle=False), round=4, cross_validation=True, predict=True, fit_kwargs={}, groups=None, refit=False, probability_threshold=None, experiment_custom_tags=None, verbose=False, system=False, add_to_model_list=True, metrics=None, display=<pycaret.internal.display.display.CommonDisplay object at 0x0000029FAF087D90>, model_only=True, return_train_score=False, error_score=0.0, kwargs={})
2025-07-20 17:12:29,320:INFO:Checking exceptions
2025-07-20 17:12:29,321:INFO:Importing libraries
2025-07-20 17:12:29,321:INFO:Copying training dataset
2025-07-20 17:12:29,387:INFO:Defining folds
2025-07-20 17:12:29,387:INFO:Declaring metric variables
2025-07-20 17:12:29,395:INFO:Importing untrained model
2025-07-20 17:12:29,402:INFO:AdaBoost Regressor Imported successfully
2025-07-20 17:12:29,416:INFO:Starting cross validation
2025-07-20 17:12:29,417:INFO:Cross validating with KFold(n_splits=10, random_state=None, shuffle=False), n_jobs=3
